Using pre-set license
Built from '2021.3/staging' branch; Version is '2021.3.2f1 (d6360bedb9a0) revision 14038539'; Using compiler version '192829333'; Build Type 'Release'
OS: 'Windows 11  (10.0.22000) 64bit CoreSingleLanguage' Language: 'en' Physical Memory: 7955 MB
BatchMode: 1, IsHumanControllingUs: 0, StartBugReporterOnCrash: 0, Is64bit: 1, IsPro: 1

COMMAND LINE ARGUMENTS:
C:\Program Files\Unity\Hub\Editor\2021.3.2f1\Editor\Unity.exe
-adb2
-batchMode
-noUpm
-name
AssetImportWorker0
-projectPath
C:/Users/quyen/OneDrive/Máy tính/test32/unity_axie
-logFile
Logs/AssetImportWorker0.log
-srvPort
50475
Successfully changed project path to: C:/Users/quyen/OneDrive/Máy tính/test32/unity_axie
C:/Users/quyen/OneDrive/Máy tính/test32/unity_axie
[UnityMemory] Configuration Parameters - Can be set up in boot.config
    "memorysetup-bucket-allocator-granularity=16"
    "memorysetup-bucket-allocator-bucket-count=8"
    "memorysetup-bucket-allocator-block-size=33554432"
    "memorysetup-bucket-allocator-block-count=8"
    "memorysetup-main-allocator-block-size=16777216"
    "memorysetup-thread-allocator-block-size=16777216"
    "memorysetup-gfx-main-allocator-block-size=16777216"
    "memorysetup-gfx-thread-allocator-block-size=16777216"
    "memorysetup-cache-allocator-block-size=4194304"
    "memorysetup-typetree-allocator-block-size=2097152"
    "memorysetup-profiler-bucket-allocator-granularity=16"
    "memorysetup-profiler-bucket-allocator-bucket-count=8"
    "memorysetup-profiler-bucket-allocator-block-size=33554432"
    "memorysetup-profiler-bucket-allocator-block-count=8"
    "memorysetup-profiler-allocator-block-size=16777216"
    "memorysetup-profiler-editor-allocator-block-size=1048576"
    "memorysetup-temp-allocator-size-main=16777216"
    "memorysetup-job-temp-allocator-block-size=2097152"
    "memorysetup-job-temp-allocator-block-size-background=1048576"
    "memorysetup-job-temp-allocator-reduction-small-platforms=262144"
    "memorysetup-temp-allocator-size-background-worker=32768"
    "memorysetup-temp-allocator-size-job-worker=262144"
    "memorysetup-temp-allocator-size-preload-manager=33554432"
    "memorysetup-temp-allocator-size-nav-mesh-worker=65536"
    "memorysetup-temp-allocator-size-audio-worker=65536"
    "memorysetup-temp-allocator-size-cloud-worker=32768"
    "memorysetup-temp-allocator-size-gi-baking-worker=262144"
    "memorysetup-temp-allocator-size-gfx=262144"
Refreshing native plugins compatible for Editor in 39.60 ms, found 3 plugins.
Preloading 0 native plugins for Editor in 0.00 ms.
Initialize engine version: 2021.3.2f1 (d6360bedb9a0)
[Subsystems] Discovering subsystems at path C:/Program Files/Unity/Hub/Editor/2021.3.2f1/Editor/Data/Resources/UnitySubsystems
[Subsystems] Discovering subsystems at path C:/Users/quyen/OneDrive/Máy tính/test32/unity_axie/Assets
GfxDevice: creating device client; threaded=0; jobified=0
Direct3D:
    Version:  Direct3D 11.0 [level 11.1]
    Renderer: NVIDIA GeForce RTX 3050 Laptop GPU (ID=0x25a2)
    Vendor:   NVIDIA
    VRAM:     3991 MB
    Driver:   27.21.14.6262
Initialize mono
Mono path[0] = 'C:/Program Files/Unity/Hub/Editor/2021.3.2f1/Editor/Data/Managed'
Mono path[1] = 'C:/Program Files/Unity/Hub/Editor/2021.3.2f1/Editor/Data/MonoBleedingEdge/lib/mono/unityjit-win32'
Mono config path = 'C:/Program Files/Unity/Hub/Editor/2021.3.2f1/Editor/Data/MonoBleedingEdge/etc'
Using monoOptions --debugger-agent=transport=dt_socket,embedding=1,server=y,suspend=n,address=127.0.0.1:56404
Begin MonoManager ReloadAssembly
Registering precompiled unity dll's ...
Register platform support module: C:/Program Files/Unity/Hub/Editor/2021.3.2f1/Editor/Data/PlaybackEngines/WebGLSupport/UnityEditor.WebGL.Extensions.dll
Register platform support module: C:/Program Files/Unity/Hub/Editor/2021.3.2f1/Editor/Data/PlaybackEngines/WindowsStandaloneSupport/UnityEditor.WindowsStandalone.Extensions.dll
Registered in 0.007917 seconds.
Native extension for WindowsStandalone target not found
Native extension for WebGL target not found
Refreshing native plugins compatible for Editor in 36.95 ms, found 3 plugins.
Preloading 0 native plugins for Editor in 0.00 ms.
Mono: successfully reloaded assembly
- Completed reload, in  0.538 seconds
Domain Reload Profiling:
	ReloadAssembly (539ms)
		BeginReloadAssembly (95ms)
			ExecutionOrderSort (0ms)
			DisableScriptedObjects (0ms)
			BackupInstance (0ms)
			ReleaseScriptingObjects (0ms)
			CreateAndSetChildDomain (1ms)
		EndReloadAssembly (328ms)
			LoadAssemblies (94ms)
			RebuildTransferFunctionScriptingTraits (0ms)
			SetupTypeCache (83ms)
			ReleaseScriptCaches (0ms)
			RebuildScriptCaches (22ms)
			SetupLoadedEditorAssemblies (181ms)
				LogAssemblyErrors (0ms)
				InitializePlatformSupportModulesInManaged (7ms)
				SetLoadedEditorAssemblies (0ms)
				RefreshPlugins (37ms)
				BeforeProcessingInitializeOnLoad (2ms)
				ProcessInitializeOnLoadAttributes (100ms)
				ProcessInitializeOnLoadMethodAttributes (35ms)
				AfterProcessingInitializeOnLoad (0ms)
				EditorAssembliesLoaded (0ms)
			ExecutionOrderSort2 (0ms)
			AwakeInstancesAfterBackupRestoration (0ms)
Platform modules already initialized, skipping
Registering precompiled user dll's ...
Registered in 0.011983 seconds.
Begin MonoManager ReloadAssembly
Native extension for WindowsStandalone target not found
Native extension for WebGL target not found
Refreshing native plugins compatible for Editor in 32.09 ms, found 3 plugins.
Preloading 0 native plugins for Editor in 0.00 ms.
Mono: successfully reloaded assembly
- Completed reload, in  0.987 seconds
Domain Reload Profiling:
	ReloadAssembly (987ms)
		BeginReloadAssembly (122ms)
			ExecutionOrderSort (0ms)
			DisableScriptedObjects (5ms)
			BackupInstance (0ms)
			ReleaseScriptingObjects (0ms)
			CreateAndSetChildDomain (17ms)
		EndReloadAssembly (770ms)
			LoadAssemblies (129ms)
			RebuildTransferFunctionScriptingTraits (0ms)
			SetupTypeCache (190ms)
			ReleaseScriptCaches (1ms)
			RebuildScriptCaches (41ms)
			SetupLoadedEditorAssemblies (390ms)
				LogAssemblyErrors (0ms)
				InitializePlatformSupportModulesInManaged (5ms)
				SetLoadedEditorAssemblies (0ms)
				RefreshPlugins (32ms)
				BeforeProcessingInitializeOnLoad (59ms)
				ProcessInitializeOnLoadAttributes (222ms)
				ProcessInitializeOnLoadMethodAttributes (63ms)
				AfterProcessingInitializeOnLoad (9ms)
				EditorAssembliesLoaded (0ms)
			ExecutionOrderSort2 (0ms)
			AwakeInstancesAfterBackupRestoration (7ms)
Platform modules already initialized, skipping
========================================================================
Worker process is ready to serve import requests
Launched and connected shader compiler UnityShaderCompiler.exe after 0.06 seconds
Refreshing native plugins compatible for Editor in 0.51 ms, found 3 plugins.
Preloading 0 native plugins for Editor in 0.00 ms.
Unloading 2464 Unused Serialized files (Serialized files now loaded: 0)
Unloading 33 unused Assets / (55.7 KB). Loaded Objects now: 2927.
Memory consumption went from 109.4 MB to 109.4 MB.
Total: 3.075800 ms (FindLiveObjects: 0.244800 ms CreateObjectMapping: 0.078800 ms MarkObjects: 2.665100 ms  DeleteObjects: 0.085900 ms)

AssetImportParameters requested are different than current active one (requested -> active):
  custom:video-decoder-ogg-theora: a1e56fd34408186e4bbccfd4996cb3dc -> 
  custom:container-muxer-webm: aa71ff27fc2769a1b78a27578f13a17b -> 
  custom:container-demuxer-webm: 4f35f7cbe854078d1ac9338744f61a02 -> 
  custom:video-encoder-webm-vp8: eb34c28f22e8b96e1ab97ce403110664 -> 
  custom:audio-encoder-webm-vorbis: bf7c407c2cedff20999df2af8eb42d56 -> 
  custom:framework-win-MediaFoundation: 216162199b28c13a410421893ffa2e32 -> 
  custom:container-demuxer-ogg: 62fdf1f143b41e24485cea50d1cbac27 -> 
  custom:video-decoder-webm-vp8: 9c59270c3fd7afecdb556c50c9e8de78 -> 
  custom:audio-decoder-ogg-vorbis: bf7c407c2cedff20999df2af8eb42d56 -> 
========================================================================
Received Import Request.
  Time since last request: 121631.099528 seconds.
  path: Assets/src/map
  artifactKey: Guid(3d58d179c2407dd438de8e9464843fe5) Importer(815301076,1909f56bfc062723c751e8b465ee728b)
Start importing Assets/src/map using Guid(3d58d179c2407dd438de8e9464843fe5) Importer(815301076,1909f56bfc062723c751e8b465ee728b)  -> (artifact id: 'e5a9ac380847aaa97e96c9a609ecb54e') in 0.013703 seconds 
========================================================================
Received Import Request.
  Time since last request: 0.000018 seconds.
  path: Assets/src/map/rong biển, san hô.png
  artifactKey: Guid(4780e665157e46a4b98c7a67b52e65f9) Importer(815301076,1909f56bfc062723c751e8b465ee728b)
Start importing Assets/src/map/rong biển, san hô.png using Guid(4780e665157e46a4b98c7a67b52e65f9) Importer(815301076,1909f56bfc062723c751e8b465ee728b)  -> (artifact id: '51f0e9c0e911be86b7d82e3e3b4b4786') in 0.247711 seconds 
========================================================================
Received Import Request.
  Time since last request: 0.000024 seconds.
  path: Assets/src/map/Bạch tuộc.png
  artifactKey: Guid(09255bb83f2912b4ba5ceff8481877ab) Importer(815301076,1909f56bfc062723c751e8b465ee728b)
Start importing Assets/src/map/Bạch tuộc.png using Guid(09255bb83f2912b4ba5ceff8481877ab) Importer(815301076,1909f56bfc062723c751e8b465ee728b)  -> (artifact id: '3f935dea17600695cd0fb2a5df865124') in 0.081972 seconds 
========================================================================
Received Import Request.
  Time since last request: 38.426288 seconds.
  path: Assets/src/Giao diện vào game/Bạch tuộc.png
  artifactKey: Guid(5c2c7fcdaec87dd4fa7b73f2f2f619ff) Importer(815301076,1909f56bfc062723c751e8b465ee728b)
Start importing Assets/src/Giao diện vào game/Bạch tuộc.png using Guid(5c2c7fcdaec87dd4fa7b73f2f2f619ff) Importer(815301076,1909f56bfc062723c751e8b465ee728b)  -> (artifact id: 'ab7807f2d717af8b451974251f34eda6') in 0.249082 seconds 
========================================================================
Received Import Request.
  Time since last request: 0.000037 seconds.
  path: Assets/src/Giao diện vào game/rong biển, san hô.png
  artifactKey: Guid(6fc613bdda92f7942a5781f221711416) Importer(815301076,1909f56bfc062723c751e8b465ee728b)
Start importing Assets/src/Giao diện vào game/rong biển, san hô.png using Guid(6fc613bdda92f7942a5781f221711416) Importer(815301076,1909f56bfc062723c751e8b465ee728b)  -> (artifact id: '37e36d2e6f93d16650787b61c2fe41e8') in 0.234792 seconds 
========================================================================
Received Import Request.
  Time since last request: 0.000042 seconds.
  path: Assets/src/Giao diện vào game/Bọt nước.png
  artifactKey: Guid(5700952cfd139d8499ff7a457b8ac96b) Importer(815301076,1909f56bfc062723c751e8b465ee728b)
Start importing Assets/src/Giao diện vào game/Bọt nước.png using Guid(5700952cfd139d8499ff7a457b8ac96b) Importer(815301076,1909f56bfc062723c751e8b465ee728b)  -> (artifact id: '08e0c2b1bf478dec7cdcc9fc8a5de77f') in 0.183491 seconds 
========================================================================
Received Import Request.
  Time since last request: 0.000036 seconds.
  path: Assets/src/giao diện đầu game/icon.png
  artifactKey: Guid(d0fe89a9edd1fdd409e25c0f6ebaa370) Importer(815301076,1909f56bfc062723c751e8b465ee728b)
Start importing Assets/src/giao diện đầu game/icon.png using Guid(d0fe89a9edd1fdd409e25c0f6ebaa370) Importer(815301076,1909f56bfc062723c751e8b465ee728b)  -> (artifact id: '8302d946d93c118cab56995fbe728245') in 0.131476 seconds 
========================================================================
Received Import Request.
  Time since last request: 2.250211 seconds.
  path: Assets/src/Giao diện chọn nhân vật/Cảnh chọn nhân vật-07.png
  artifactKey: Guid(e6a6a929d2a980f4eaa7a9e839bc3c63) Importer(815301076,1909f56bfc062723c751e8b465ee728b)
Start importing Assets/src/Giao diện chọn nhân vật/Cảnh chọn nhân vật-07.png using Guid(e6a6a929d2a980f4eaa7a9e839bc3c63) Importer(815301076,1909f56bfc062723c751e8b465ee728b)  -> (artifact id: 'ecefec86d7e01e8fee886e23f28361c4') in 0.280613 seconds 
Editor requested this worker to shutdown with reason: Scaling down because of idle timeout
AssetImportWorker is now disconnected from the server
Process exiting
Exiting without the bug reporter. Application will terminate with return code 0